[2024-12-23 22:12:20] INFO - 데이터 수집 시작: 2024-12-23
[2024-12-23 22:12:21] INFO - 미국 시장 데이터 수집 완료: 
[2024-12-23 22:12:22] INFO - 한국 시장 데이터 수집 완료: 
[2024-12-23 22:12:22] INFO - 미국 국채 데이터 수집 완료: 
[2024-12-23 22:12:23] INFO - 환율 데이터 수집 완료: 
[2024-12-23 22:12:23] INFO - 뉴스 데이터 수집 완료: 
[2024-12-23 22:12:31] INFO - 경제 지표 데이터 수집 완료: 
[2024-12-23 22:12:31] INFO - 데이터 수집 완료
[2024-12-23 22:12:31] INFO - 데이터 처리 시작
[2024-12-23 22:12:31] INFO - 처리 단계 '미국 시장 분석' 완료: 
[2024-12-23 22:12:31] INFO - 처리 단계 '한국 시장 분석' 완료: 
[2024-12-23 22:12:31] INFO - 처리 단계 '미국 국채 분석' 완료: 
[2024-12-23 22:12:31] INFO - 처리 단계 '환율 분석' 완료: 
[2024-12-23 22:12:31] INFO - 처리 단계 '뉴스 분석' 완료: 
[2024-12-23 22:12:31] ERROR - 데이터 처리 중 에러 발생
Traceback (most recent call last):
  File "c:\Users\kims0\OneDrive\바탕 화면\market_report\src\report_generator.py", line 103, in process_data
    processed["calendar_summary"] = self.processor.process_economic_calendar(
                                    ^^^^^^^^^^^^^^^^^^^^^^^^^^^^^^^^^^^^^^^^^
  File "c:\Users\kims0\OneDrive\바탕 화면\market_report\src\data_processor.py", line 596, in process_economic_calendar
    priority = get_indicator_priority(indicator)
               ^^^^^^^^^^^^^^^^^^^^^^^^^^^^^^^^^
  File "c:\Users\kims0\OneDrive\바탕 화면\market_report\src\data_processor.py", line 526, in get_indicator_priority
    name = indicator.get("indicator", "").lower()
           ^^^^^^^^^^^^^
AttributeError: 'EconomicEvent' object has no attribute 'get'
[2024-12-23 22:12:31] ERROR - 리포트 생성 중 에러 발생
Traceback (most recent call last):
  File "c:\Users\kims0\OneDrive\바탕 화면\market_report\src\report_generator.py", line 122, in generate_report
    processed_data = self.process_data(data)
                     ^^^^^^^^^^^^^^^^^^^^^^^
  File "c:\Users\kims0\OneDrive\바탕 화면\market_report\src\report_generator.py", line 103, in process_data
    processed["calendar_summary"] = self.processor.process_economic_calendar(
                                    ^^^^^^^^^^^^^^^^^^^^^^^^^^^^^^^^^^^^^^^^^
  File "c:\Users\kims0\OneDrive\바탕 화면\market_report\src\data_processor.py", line 596, in process_economic_calendar
    priority = get_indicator_priority(indicator)
               ^^^^^^^^^^^^^^^^^^^^^^^^^^^^^^^^^
  File "c:\Users\kims0\OneDrive\바탕 화면\market_report\src\data_processor.py", line 526, in get_indicator_priority
    name = indicator.get("indicator", "").lower()
           ^^^^^^^^^^^^^
AttributeError: 'EconomicEvent' object has no attribute 'get'
[2024-12-23 22:12:31] ERROR - 리포트 생성 실패
[2024-12-23 22:20:22] INFO - 데이터 수집 시작: 2024-12-23
[2024-12-23 22:20:23] INFO - 미국 시장 데이터 수집 완료: 
[2024-12-23 22:20:24] INFO - 한국 시장 데이터 수집 완료: 
[2024-12-23 22:20:24] INFO - 미국 국채 데이터 수집 완료: 
[2024-12-23 22:20:25] INFO - 환율 데이터 수집 완료: 
[2024-12-23 22:20:25] INFO - 뉴스 데이터 수집 완료: 
[2024-12-23 22:20:35] INFO - 경제 지표 데이터 수집 완료: 
[2024-12-23 22:20:35] INFO - 데이터 수집 완료
[2024-12-23 22:20:35] INFO - 데이터 처리 시작
[2024-12-23 22:20:35] INFO - 처리 단계 '미국 시장 분석' 완료: 
[2024-12-23 22:20:35] INFO - 처리 단계 '한국 시장 분석' 완료: 
[2024-12-23 22:20:35] INFO - 처리 단계 '미국 국채 분석' 완료: 
[2024-12-23 22:20:35] INFO - 처리 단계 '환율 분석' 완료: 
[2024-12-23 22:20:35] INFO - 처리 단계 '뉴스 분석' 완료: 
[2024-12-23 22:20:35] ERROR - 데이터 처리 중 에러 발생
Traceback (most recent call last):
  File "c:\Users\kims0\OneDrive\바탕 화면\market_report\src\report_generator.py", line 103, in process_data
    processed["calendar_summary"] = self.processor.process_economic_calendar(
                                    ^^^^^^^^^^^^^^^^^^^^^^^^^^^^^^^^^^^^^^^^^
  File "c:\Users\kims0\OneDrive\바탕 화면\market_report\src\data_processor.py", line 609, in process_economic_calendar
    priority = get_indicator_priority(indicator)
               ^^^^^^^^^^^^^^^^^^^^^^^^^^^^^^^^^
  File "c:\Users\kims0\OneDrive\바탕 화면\market_report\src\data_processor.py", line 539, in get_indicator_priority
    name = indicator.get("indicator", "").lower()
           ^^^^^^^^^^^^^
AttributeError: 'EconomicEvent' object has no attribute 'get'
[2024-12-23 22:20:35] ERROR - 리포트 생성 중 에러 발생
Traceback (most recent call last):
  File "c:\Users\kims0\OneDrive\바탕 화면\market_report\src\report_generator.py", line 122, in generate_report
    processed_data = self.process_data(data)
                     ^^^^^^^^^^^^^^^^^^^^^^^
  File "c:\Users\kims0\OneDrive\바탕 화면\market_report\src\report_generator.py", line 103, in process_data
    processed["calendar_summary"] = self.processor.process_economic_calendar(
                                    ^^^^^^^^^^^^^^^^^^^^^^^^^^^^^^^^^^^^^^^^^
  File "c:\Users\kims0\OneDrive\바탕 화면\market_report\src\data_processor.py", line 609, in process_economic_calendar
    priority = get_indicator_priority(indicator)
               ^^^^^^^^^^^^^^^^^^^^^^^^^^^^^^^^^
  File "c:\Users\kims0\OneDrive\바탕 화면\market_report\src\data_processor.py", line 539, in get_indicator_priority
    name = indicator.get("indicator", "").lower()
           ^^^^^^^^^^^^^
AttributeError: 'EconomicEvent' object has no attribute 'get'
[2024-12-23 22:20:35] ERROR - 리포트 생성 실패
[2024-12-23 22:31:46] INFO - 데이터 수집 시작: 2024-12-23
[2024-12-23 22:31:47] INFO - 미국 시장 데이터 수집 완료: 
[2024-12-23 22:31:48] INFO - 한국 시장 데이터 수집 완료: 
[2024-12-23 22:31:48] INFO - 미국 국채 데이터 수집 완료: 
[2024-12-23 22:31:49] INFO - 환율 데이터 수집 완료: 
[2024-12-23 22:31:50] INFO - 뉴스 데이터 수집 완료: 
[2024-12-23 22:31:58] INFO - 경제 지표 데이터 수집 완료: 
[2024-12-23 22:31:58] INFO - 데이터 수집 완료
[2024-12-23 22:31:58] INFO - 데이터 처리 시작
[2024-12-23 22:31:58] INFO - 처리 단계 '미국 시장 분석' 완료: 
[2024-12-23 22:31:58] INFO - 처리 단계 '한국 시장 분석' 완료: 
[2024-12-23 22:31:58] INFO - 처리 단계 '미국 국채 분석' 완료: 
[2024-12-23 22:31:58] INFO - 처리 단계 '환율 분석' 완료: 
[2024-12-23 22:31:58] INFO - 처리 단계 '뉴스 분석' 완료: 
[2024-12-23 22:31:58] INFO - 처리 단계 '경제 지표 분석' 완료: 
[2024-12-23 22:31:58] INFO - 데이터 처리 완료
[2024-12-23 22:31:58] INFO - 리포트 생성 완료: c:\Users\kims0\OneDrive\바탕 화면\market_report\reports\2024-12-23_market_report.md
[2024-12-24 01:38:22] INFO - 데이터 수집 시작: 2024-12-24
[2024-12-24 01:38:24] INFO - 미국 시장 데이터 수집 완료: 
[2024-12-24 01:38:24] INFO - 한국 시장 데이터 수집 완료: 
[2024-12-24 01:38:24] INFO - 미국 국채 데이터 수집 완료: 
[2024-12-24 01:38:25] INFO - 환율 데이터 수집 완료: 
[2024-12-24 01:38:26] INFO - 뉴스 데이터 수집 완료: 
[2024-12-24 01:38:35] INFO - 경제 지표 데이터 수집 완료: 
[2024-12-24 01:38:35] INFO - 데이터 수집 완료
[2024-12-24 01:38:39] INFO - 차트 생성 완료
[2024-12-24 01:38:39] INFO - 데이터 처리 시작
[2024-12-24 01:38:39] INFO - 처리 단계 '미국 시장 분석' 완료: 
[2024-12-24 01:38:39] INFO - 처리 단계 '한국 시장 분석' 완료: 
[2024-12-24 01:38:39] INFO - 처리 단계 '미국 국채 분석' 완료: 
[2024-12-24 01:38:39] INFO - 처리 단계 '환율 분석' 완료: 
[2024-12-24 01:38:39] INFO - 처리 단계 '뉴스 분석' 완료: 
[2024-12-24 01:38:39] INFO - 처리 단계 '경제 지표 분석' 완료: 
[2024-12-24 01:38:39] INFO - 데이터 처리 완료
[2024-12-24 01:38:39] INFO - 리포트 생성 완료: c:\Users\kims0\OneDrive\바탕 화면\market_report\reports\2024-12-24_market_report.md
[2024-12-24 01:44:07] INFO - 데이터 수집 시작: 2024-12-24
[2024-12-24 01:44:08] INFO - 미국 시장 데이터 수집 완료: 
[2024-12-24 01:44:08] INFO - 한국 시장 데이터 수집 완료: 
[2024-12-24 01:44:09] INFO - 미국 국채 데이터 수집 완료: 
[2024-12-24 01:44:09] INFO - 환율 데이터 수집 완료: 
[2024-12-24 01:44:10] INFO - 뉴스 데이터 수집 완료: 
[2024-12-24 01:44:18] INFO - 경제 지표 데이터 수집 완료: 
[2024-12-24 01:44:19] INFO - 데이터 수집 완료
[2024-12-24 02:07:03] INFO - 데이터 수집 시작: 2024-12-24
[2024-12-24 02:07:04] INFO - 미국 시장 데이터 수집 완료: 
[2024-12-24 02:07:04] INFO - 한국 시장 데이터 수집 완료: 
[2024-12-24 02:07:04] INFO - 미국 국채 데이터 수집 완료: 
[2024-12-24 02:07:05] INFO - 환율 데이터 수집 완료: 
[2024-12-24 02:07:06] INFO - 뉴스 데이터 수집 완료: 
[2024-12-24 02:07:15] INFO - 경제 지표 데이터 수집 완료: 
[2024-12-24 02:07:15] INFO - 데이터 수집 완료
[2024-12-24 02:07:18] INFO - 차트 생성 완료
[2024-12-24 02:07:18] INFO - 데이터 처리 시작
[2024-12-24 02:07:18] INFO - 처리 단계 '미국 시장 분석' 완료: 
[2024-12-24 02:07:18] INFO - 처리 단계 '한국 시장 분석' 완료: 
[2024-12-24 02:07:18] INFO - 처리 단계 '미국 국채 분석' 완료: 
[2024-12-24 02:07:18] INFO - 처리 단계 '환율 분석' 완료: 
[2024-12-24 02:07:18] INFO - 처리 단계 '뉴스 분석' 완료: 
[2024-12-24 02:07:18] INFO - 처리 단계 '경제 지표 분석' 완료: 
[2024-12-24 02:07:18] INFO - 데이터 처리 완료
[2024-12-24 02:07:18] INFO - 리포트 생성 완료: c:\Users\kims0\OneDrive\바탕 화면\market_report\reports\2024-12-24_market_report.md
[2024-12-24 02:13:12] INFO - 데이터 수집 시작: 2024-12-24
[2024-12-24 02:13:13] INFO - 미국 시장 데이터 수집 완료: 
[2024-12-24 02:13:13] INFO - 한국 시장 데이터 수집 완료: 
[2024-12-24 02:13:14] INFO - 미국 국채 데이터 수집 완료: 
[2024-12-24 02:13:14] INFO - 환율 데이터 수집 완료: 
[2024-12-24 02:13:14] INFO - 뉴스 데이터 수집 완료: 
[2024-12-24 02:13:22] INFO - 경제 지표 데이터 수집 완료: 
[2024-12-24 02:13:22] INFO - 데이터 수집 완료
[2024-12-24 02:13:24] INFO - 차트 생성 완료
[2024-12-24 02:13:24] INFO - 데이터 처리 시작
[2024-12-24 02:13:24] INFO - 처리 단계 '미국 시장 분석' 완료: 
[2024-12-24 02:13:24] INFO - 처리 단계 '한국 시장 분석' 완료: 
[2024-12-24 02:13:24] INFO - 처리 단계 '미국 국채 분석' 완료: 
[2024-12-24 02:13:24] INFO - 처리 단계 '환율 분석' 완료: 
[2024-12-24 02:13:24] INFO - 처리 단계 '뉴스 분석' 완료: 
[2024-12-24 02:13:24] INFO - 처리 단계 '경제 지표 분석' 완료: 
[2024-12-24 02:13:24] INFO - 데이터 처리 완료
[2024-12-24 02:13:24] INFO - 리포트 생성 완료: c:\Users\kims0\OneDrive\바탕 화면\market_report\reports\2024-12-24_market_report.md
[2024-12-24 02:36:06] INFO - 데이터 수집 시작: 2024-12-24
[2024-12-24 02:36:07] INFO - 미국 시장 데이터 수집 완료: 
[2024-12-24 02:36:07] INFO - 한국 시장 데이터 수집 완료: 
[2024-12-24 02:36:08] INFO - 미국 국채 데이터 수집 완료: 
[2024-12-24 02:36:08] INFO - 환율 데이터 수집 완료: 
[2024-12-24 02:36:09] INFO - 뉴스 데이터 수집 완료: 
[2024-12-24 02:36:18] INFO - 경제 지표 데이터 수집 완료: 
[2024-12-24 02:36:18] INFO - 데이터 수집 완료
[2024-12-24 02:36:21] INFO - 차트 생성 완료
[2024-12-24 02:36:21] INFO - 데이터 처리 시작
[2024-12-24 02:36:21] INFO - 처리 단계 '미국 시장 분석' 완료: 
[2024-12-24 02:36:21] INFO - 처리 단계 '한국 시장 분석' 완료: 
[2024-12-24 02:36:21] INFO - 처리 단계 '미국 국채 분석' 완료: 
[2024-12-24 02:36:21] INFO - 처리 단계 '환율 분석' 완료: 
[2024-12-24 02:36:21] INFO - 처리 단계 '뉴스 분석' 완료: 
[2024-12-24 02:36:21] INFO - 처리 단계 '경제 지표 분석' 완료: 
[2024-12-24 02:36:21] INFO - 데이터 처리 완료
[2024-12-24 02:36:21] INFO - 리포트 생성 완료: C:\Users\kims0\OneDrive\바탕 화면\market_report\reports\2024-12-24_market_report.md
[2024-12-23 18:10:35] INFO - 데이터 수집 시작: 2024-12-24
[2024-12-23 18:10:35] INFO - 미국 시장 데이터 수집 완료: 
[2024-12-23 18:10:35] INFO - 한국 시장 데이터 수집 완료: 
[2024-12-23 18:10:36] INFO - 미국 국채 데이터 수집 완료: 
[2024-12-23 18:10:36] INFO - 환율 데이터 수집 완료: 
[2024-12-23 18:10:40] INFO - 뉴스 데이터 수집 완료: 
[2024-12-23 18:10:43] INFO - 경제 지표 데이터 수집 완료: 
[2024-12-23 18:10:43] INFO - 데이터 수집 완료
[2024-12-23 18:10:44] INFO - 차트 생성 완료
[2024-12-23 18:10:44] INFO - 데이터 처리 시작
[2024-12-23 18:10:44] INFO - 처리 단계 '미국 시장 분석' 완료: 
[2024-12-23 18:10:44] INFO - 처리 단계 '한국 시장 분석' 완료: 
[2024-12-23 18:10:44] INFO - 처리 단계 '미국 국채 분석' 완료: 
[2024-12-23 18:10:44] INFO - 처리 단계 '환율 분석' 완료: 
[2024-12-23 18:10:44] INFO - 처리 단계 '뉴스 분석' 완료: 
[2024-12-23 18:10:44] INFO - 처리 단계 '경제 지표 분석' 완료: 
[2024-12-23 18:10:44] INFO - 데이터 처리 완료
[2024-12-23 18:10:44] INFO - 리포트 생성 완료: /home/runner/work/economy_blog/economy_blog/reports/2024-12-24_market_report.md
[2024-12-24 07:17:48] INFO - 데이터 수집 시작: 2024-12-24
[2024-12-24 07:17:48] INFO - 미국 시장 데이터 수집 완료: 
[2024-12-24 07:17:49] INFO - 한국 시장 데이터 수집 완료: 
[2024-12-24 07:17:49] INFO - 미국 국채 데이터 수집 완료: 
[2024-12-24 07:17:49] INFO - 환율 데이터 수집 완료: 
[2024-12-24 07:17:53] INFO - 뉴스 데이터 수집 완료: 
[2024-12-24 07:17:57] INFO - 경제 지표 데이터 수집 완료: 
[2024-12-24 07:17:57] INFO - 데이터 수집 완료
[2024-12-24 07:17:58] INFO - 차트 생성 완료
[2024-12-24 07:17:58] INFO - 데이터 처리 시작
[2024-12-24 07:17:58] INFO - 처리 단계 '미국 시장 분석' 완료: 
[2024-12-24 07:17:58] INFO - 처리 단계 '한국 시장 분석' 완료: 
[2024-12-24 07:17:58] INFO - 처리 단계 '미국 국채 분석' 완료: 
[2024-12-24 07:17:58] INFO - 처리 단계 '환율 분석' 완료: 
[2024-12-24 07:17:58] INFO - 처리 단계 '뉴스 분석' 완료: 
[2024-12-24 07:17:58] INFO - 처리 단계 '경제 지표 분석' 완료: 
[2024-12-24 07:17:58] INFO - 데이터 처리 완료
[2024-12-24 07:17:58] INFO - 리포트 생성 완료: /home/runner/work/economy_blog/economy_blog/reports/2024-12-24_market_report.md
[2024-12-25 13:41:22] INFO - 데이터 수집 시작: 2024-12-25
[2024-12-25 13:41:26] INFO - 한국 시장 데이터 수집 완료: 
[2024-12-25 13:41:27] INFO - 미국 시장 데이터 수집 완료: 
[2024-12-25 13:41:27] INFO - 미국 국채 데이터 수집 완료: 
[2024-12-25 13:41:28] INFO - 환율 데이터 수집 완료: 
[2024-12-25 13:41:29] INFO - 뉴스 데이터 수집 완료: 
[2024-12-25 13:43:18] INFO - 경제 지표 데이터 수집 완료: 
[2024-12-25 13:43:18] INFO - 데이터 수집 완료
[2024-12-25 13:43:24] INFO - 차트 생성 완료
[2024-12-25 13:43:24] INFO - 데이터 처리 시작
[2024-12-25 13:43:24] INFO - 처리 단계 '미국 시장 분석' 완료: 
[2024-12-25 13:43:24] INFO - 처리 단계 '한국 시장 분석' 완료: 
[2024-12-25 13:43:24] INFO - 처리 단계 '미국 국채 분석' 완료: 
[2024-12-25 13:43:24] INFO - 처리 단계 '환율 분석' 완료: 
[2024-12-25 13:43:24] INFO - 처리 단계 '뉴스 분석' 완료: 
[2024-12-25 13:43:24] INFO - 처리 단계 '경제 지표 분석' 완료: 
[2024-12-25 13:43:24] INFO - 데이터 처리 완료
[2024-12-25 13:43:24] INFO - 리포트 생성 완료: c:\Users\kims0\OneDrive\바탕 화면\market_report\reports\2024-12-25_market_report.md
[2024-12-25 13:47:23] INFO - 데이터 수집 시작: 2024-12-25
[2024-12-25 13:47:23] INFO - 한국 시장 데이터 수집 완료: 
[2024-12-25 13:47:24] INFO - 미국 시장 데이터 수집 완료: 
[2024-12-25 13:47:24] INFO - 미국 국채 데이터 수집 완료: 
[2024-12-25 13:47:25] INFO - 환율 데이터 수집 완료: 
[2024-12-25 13:47:26] INFO - 뉴스 데이터 수집 완료: 
[2024-12-25 13:50:24] INFO - 경제 지표 데이터 수집 완료: 
[2024-12-25 13:50:24] INFO - 데이터 수집 완료
[2024-12-25 13:50:30] INFO - 차트 생성 완료
[2024-12-25 13:50:30] INFO - 데이터 처리 시작
[2024-12-25 13:50:30] INFO - 처리 단계 '미국 시장 분석' 완료: 
[2024-12-25 13:50:30] INFO - 처리 단계 '한국 시장 분석' 완료: 
[2024-12-25 13:50:30] INFO - 처리 단계 '미국 국채 분석' 완료: 
[2024-12-25 13:50:30] INFO - 처리 단계 '환율 분석' 완료: 
[2024-12-25 13:50:30] INFO - 처리 단계 '뉴스 분석' 완료: 
[2024-12-25 13:50:30] INFO - 처리 단계 '경제 지표 분석' 완료: 
[2024-12-25 13:50:30] INFO - 데이터 처리 완료
[2024-12-25 13:50:30] INFO - 리포트 생성 완료: c:\Users\kims0\OneDrive\바탕 화면\market_report\reports\2024-12-25_market_report.md
[2024-12-25 05:17:49] INFO - 데이터 수집 시작: 2024-12-25
[2024-12-25 05:17:49] INFO - 한국 시장 데이터 수집 완료: 
[2024-12-25 05:17:49] INFO - 미국 시장 데이터 수집 완료: 
[2024-12-25 05:17:49] INFO - 미국 국채 데이터 수집 완료: 
[2024-12-25 05:17:50] INFO - 환율 데이터 수집 완료: 
[2024-12-25 05:17:53] INFO - 뉴스 데이터 수집 완료: 
[2024-12-25 05:19:27] INFO - 경제 지표 데이터 수집 완료: 
[2024-12-25 05:19:27] INFO - 데이터 수집 완료
[2024-12-25 05:19:27] INFO - 차트 생성 완료
[2024-12-25 05:19:27] INFO - 데이터 처리 시작
[2024-12-25 05:19:27] INFO - 처리 단계 '미국 시장 분석' 완료: 
[2024-12-25 05:19:27] INFO - 처리 단계 '한국 시장 분석' 완료: 
[2024-12-25 05:19:27] INFO - 처리 단계 '미국 국채 분석' 완료: 
[2024-12-25 05:19:27] INFO - 처리 단계 '환율 분석' 완료: 
[2024-12-25 05:19:27] INFO - 처리 단계 '뉴스 분석' 완료: 
[2024-12-25 05:19:27] INFO - 처리 단계 '경제 지표 분석' 완료: 
[2024-12-25 05:19:27] INFO - 데이터 처리 완료
[2024-12-25 05:19:27] INFO - 리포트 생성 완료: /home/runner/work/economy_blog/economy_blog/reports/2024-12-25_market_report.md
[2024-12-25 08:11:44] INFO - 데이터 수집 시작: 2024-12-25
[2024-12-25 08:11:45] INFO - 한국 시장 데이터 수집 완료: 
[2024-12-25 08:11:45] INFO - 미국 시장 데이터 수집 완료: 
[2024-12-25 08:11:46] INFO - 미국 국채 데이터 수집 완료: 
[2024-12-25 08:11:46] INFO - 환율 데이터 수집 완료: 
[2024-12-25 08:11:49] INFO - 뉴스 데이터 수집 완료: 
[2024-12-25 08:16:50] ERROR - 경제 지표 데이터 수집 실패: No events found
[2024-12-25 08:16:50] ERROR - 경제 지표 데이터 수집 실패: 
[2024-12-25 08:16:50] INFO - 데이터 수집 완료
[2024-12-25 08:16:51] INFO - 차트 생성 완료
[2024-12-25 08:16:51] INFO - 데이터 처리 시작
[2024-12-25 08:16:51] INFO - 처리 단계 '미국 시장 분석' 완료: 
[2024-12-25 08:16:51] INFO - 처리 단계 '한국 시장 분석' 완료: 
[2024-12-25 08:16:51] INFO - 처리 단계 '미국 국채 분석' 완료: 
[2024-12-25 08:16:51] INFO - 처리 단계 '환율 분석' 완료: 
[2024-12-25 08:16:51] INFO - 처리 단계 '뉴스 분석' 완료: 
[2024-12-25 08:16:51] INFO - 처리 단계 '경제 지표 분석' 완료: 
[2024-12-25 08:16:51] INFO - 데이터 처리 완료
[2024-12-25 08:16:51] INFO - 리포트 생성 완료: /home/runner/work/economy_blog/economy_blog/reports/2024-12-25_market_report.md
[2024-12-26 08:11:49] INFO - 데이터 수집 시작: 2024-12-26
[2024-12-26 08:11:49] INFO - 한국 시장 데이터 수집 완료: 
[2024-12-26 08:11:49] INFO - 미국 시장 데이터 수집 완료: 
[2024-12-26 08:11:49] INFO - 미국 국채 데이터 수집 완료: 
[2024-12-26 08:11:50] INFO - 환율 데이터 수집 완료: 
[2024-12-26 08:11:53] INFO - 뉴스 데이터 수집 완료: 
[2024-12-26 08:16:54] ERROR - 경제 지표 데이터 수집 실패: No events found
[2024-12-26 08:16:54] ERROR - 경제 지표 데이터 수집 실패: 
[2024-12-26 08:16:54] INFO - 데이터 수집 완료
[2024-12-26 08:16:55] INFO - 차트 생성 완료
[2024-12-26 08:16:55] INFO - 데이터 처리 시작
[2024-12-26 08:16:55] INFO - 처리 단계 '미국 시장 분석' 완료: 
[2024-12-26 08:16:55] INFO - 처리 단계 '한국 시장 분석' 완료: 
[2024-12-26 08:16:55] INFO - 처리 단계 '미국 국채 분석' 완료: 
[2024-12-26 08:16:55] INFO - 처리 단계 '환율 분석' 완료: 
[2024-12-26 08:16:55] INFO - 처리 단계 '뉴스 분석' 완료: 
[2024-12-26 08:16:55] INFO - 처리 단계 '경제 지표 분석' 완료: 
[2024-12-26 08:16:55] INFO - 데이터 처리 완료
[2024-12-26 08:16:55] INFO - 리포트 생성 완료: /home/runner/work/economy_blog/economy_blog/reports/2024-12-26_market_report.md
[2024-12-26 18:39:09] INFO - 데이터 수집 시작: 2024-12-26
[2024-12-26 18:39:15] INFO - 한국 시장 데이터 수집 완료: 
[2024-12-26 18:39:15] INFO - 미국 시장 데이터 수집 완료: 
[2024-12-26 18:39:16] INFO - 미국 국채 데이터 수집 완료: 
[2024-12-26 18:39:16] INFO - 환율 데이터 수집 완료: 
[2024-12-26 18:39:17] INFO - 뉴스 데이터 수집 완료: 
[2024-12-26 18:42:10] INFO - 경제 지표 데이터 수집 완료: 
[2024-12-26 18:42:10] INFO - 데이터 수집 완료
[2024-12-26 18:42:18] INFO - 차트 생성 완료
[2024-12-26 18:42:18] INFO - 데이터 처리 시작
[2024-12-26 18:42:18] INFO - 처리 단계 '미국 시장 분석' 완료: 
[2024-12-26 18:42:18] INFO - 처리 단계 '한국 시장 분석' 완료: 
[2024-12-26 18:42:18] INFO - 처리 단계 '미국 국채 분석' 완료: 
[2024-12-26 18:42:18] INFO - 처리 단계 '환율 분석' 완료: 
[2024-12-26 18:42:18] INFO - 처리 단계 '뉴스 분석' 완료: 
[2024-12-26 18:42:18] INFO - 처리 단계 '경제 지표 분석' 완료: 
[2024-12-26 18:42:18] INFO - 데이터 처리 완료
[2024-12-26 18:42:18] INFO - 리포트 생성 완료: c:\Users\kims0\OneDrive\바탕 화면\market_report\reports\2024-12-26_market_report.md
[2024-12-27 18:24:37] INFO - 데이터 수집 시작: 2024-12-27
[2024-12-27 18:24:42] INFO - 한국 시장 데이터 수집 완료: 
[2024-12-27 18:24:42] INFO - 미국 시장 데이터 수집 완료: 
[2024-12-27 18:24:43] INFO - 미국 국채 데이터 수집 완료: 
[2024-12-27 18:24:43] INFO - 환율 데이터 수집 완료: 
[2024-12-27 18:24:44] INFO - 뉴스 데이터 수집 완료: 
[2024-12-27 18:26:39] INFO - 경제 지표 데이터 수집 완료: 
[2024-12-27 18:26:39] INFO - 데이터 수집 완료
[2024-12-27 18:26:46] INFO - 차트 생성 완료
[2024-12-27 18:26:46] INFO - 데이터 처리 시작
[2024-12-27 18:26:46] INFO - 처리 단계 '미국 시장 분석' 완료: 
[2024-12-27 18:26:46] INFO - 처리 단계 '한국 시장 분석' 완료: 
[2024-12-27 18:26:46] INFO - 처리 단계 '미국 국채 분석' 완료: 
[2024-12-27 18:26:46] INFO - 처리 단계 '환율 분석' 완료: 
[2024-12-27 18:26:46] INFO - 처리 단계 '뉴스 분석' 완료: 
[2024-12-27 18:26:46] INFO - 처리 단계 '경제 지표 분석' 완료: 
[2024-12-27 18:26:46] INFO - 데이터 처리 완료
[2024-12-27 18:26:46] INFO - 리포트 생성 완료: c:\Users\kims0\OneDrive\바탕 화면\market_report\reports\2024-12-27_market_report.md
[2024-12-30 17:20:11] INFO - 데이터 수집 시작: 2024-12-30
[2024-12-30 17:20:19] INFO - 한국 시장 데이터 수집 완료: 
[2024-12-30 17:20:19] INFO - 미국 시장 데이터 수집 완료: 
[2024-12-30 17:20:20] INFO - 미국 국채 데이터 수집 완료: 
[2024-12-30 17:20:20] INFO - 환율 데이터 수집 완료: 
[2024-12-30 17:20:21] INFO - 뉴스 데이터 수집 완료: 
[2024-12-30 17:24:08] INFO - 경제 지표 데이터 수집 완료: 
[2024-12-30 17:24:08] INFO - 데이터 수집 완료
[2024-12-30 17:24:17] INFO - 차트 생성 완료
[2024-12-30 17:24:17] INFO - 데이터 처리 시작
[2024-12-30 17:24:17] INFO - 처리 단계 '미국 시장 분석' 완료: 
[2024-12-30 17:24:17] INFO - 처리 단계 '한국 시장 분석' 완료: 
[2024-12-30 17:24:17] INFO - 처리 단계 '미국 국채 분석' 완료: 
[2024-12-30 17:24:17] INFO - 처리 단계 '환율 분석' 완료: 
[2024-12-30 17:24:17] INFO - 처리 단계 '뉴스 분석' 완료: 
[2024-12-30 17:24:17] INFO - 처리 단계 '경제 지표 분석' 완료: 
[2024-12-30 17:24:17] INFO - 데이터 처리 완료
[2024-12-30 17:24:17] INFO - 리포트 생성 완료: C:\Users\kims0\OneDrive\바탕 화면\market_report\reports\2024-12-30_market_report.md
