[2025-01-03 17:18:31] INFO - 데이터 수집 시작: 2025-01-03
[2025-01-03 17:18:32] INFO - 한국 시장 데이터 수집 완료: 
[2025-01-03 17:18:33] INFO - 미국 시장 데이터 수집 완료: 
[2025-01-03 17:18:38] INFO - 미국 국채 데이터 수집 완료: 
[2025-01-03 17:18:39] INFO - 환율 데이터 수집 완료: 
[2025-01-03 17:18:40] INFO - 뉴스 데이터 수집 완료: 
[2025-01-03 17:21:39] INFO - 경제 지표 데이터 수집 완료: 
[2025-01-03 17:21:39] INFO - 데이터 수집 완료
[2025-01-03 17:21:47] INFO - 차트 생성 완료
[2025-01-03 17:21:47] INFO - 데이터 처리 시작
[2025-01-03 17:21:47] INFO - 처리 단계 '미국 시장 분석' 완료: 
[2025-01-03 17:21:47] INFO - 처리 단계 '한국 시장 분석' 완료: 
[2025-01-03 17:21:47] INFO - 처리 단계 '미국 국채 분석' 완료: 
[2025-01-03 17:21:47] INFO - 처리 단계 '환율 분석' 완료: 
[2025-01-03 17:21:47] INFO - 처리 단계 '뉴스 분석' 완료: 
[2025-01-03 17:21:47] INFO - 처리 단계 '경제 지표 분석' 완료: 
[2025-01-03 17:21:47] INFO - 데이터 처리 완료
[2025-01-03 17:21:47] INFO - 리포트 생성 완료: C:\Users\kims0\OneDrive\바탕 화면\market_report\reports\2025-01-03_market_report.md
[2025-01-15 17:25:37] INFO - 데이터 수집 시작: 2025-01-15
[2025-01-15 17:25:50] INFO - 한국 시장 데이터 수집 완료: 
[2025-01-15 17:25:53] INFO - 미국 시장 데이터 수집 완료: 
[2025-01-15 17:26:20] INFO - 미국 국채 데이터 수집 완료: 
[2025-01-15 17:26:21] INFO - 환율 데이터 수집 완료: 
[2025-01-15 17:26:25] INFO - 뉴스 데이터 수집 완료: 
[2025-01-15 17:31:05] ERROR - 경제 지표 데이터 수집 실패: No events found
[2025-01-15 17:31:05] ERROR - 경제 지표 데이터 수집 실패: 
[2025-01-15 17:31:05] INFO - 데이터 수집 완료
[2025-01-15 17:31:15] INFO - 차트 생성 완료
[2025-01-15 17:31:15] INFO - 데이터 처리 시작
[2025-01-15 17:31:15] INFO - 처리 단계 '미국 시장 분석' 완료: 
[2025-01-15 17:31:15] INFO - 처리 단계 '한국 시장 분석' 완료: 
[2025-01-15 17:31:15] INFO - 처리 단계 '미국 국채 분석' 완료: 
[2025-01-15 17:31:15] INFO - 처리 단계 '환율 분석' 완료: 
[2025-01-15 17:31:15] INFO - 처리 단계 '뉴스 분석' 완료: 
[2025-01-15 17:31:15] INFO - 처리 단계 '경제 지표 분석' 완료: 
[2025-01-15 17:31:15] INFO - 데이터 처리 완료
[2025-01-15 17:31:15] INFO - 리포트 생성 완료: C:\Users\kims0\OneDrive\바탕 화면\market_report\reports\2025-01-15_market_report.md
[2025-01-15 17:33:42] INFO - 데이터 수집 시작: 2025-01-15
[2025-01-15 17:33:47] INFO - 한국 시장 데이터 수집 완료: 
[2025-01-15 17:33:49] INFO - 미국 시장 데이터 수집 완료: 
[2025-01-15 17:34:08] INFO - 미국 국채 데이터 수집 완료: 
[2025-01-15 17:34:09] INFO - 환율 데이터 수집 완료: 
[2025-01-15 17:34:11] INFO - 뉴스 데이터 수집 완료: 
[2025-01-15 17:39:48] INFO - 경제 지표 데이터 수집 완료: 
[2025-01-15 17:39:48] INFO - 데이터 수집 완료
[2025-01-15 17:39:57] INFO - 차트 생성 완료
[2025-01-15 17:39:57] INFO - 데이터 처리 시작
[2025-01-15 17:39:57] INFO - 처리 단계 '미국 시장 분석' 완료: 
[2025-01-15 17:39:57] INFO - 처리 단계 '한국 시장 분석' 완료: 
[2025-01-15 17:39:57] INFO - 처리 단계 '미국 국채 분석' 완료: 
[2025-01-15 17:39:57] INFO - 처리 단계 '환율 분석' 완료: 
[2025-01-15 17:39:57] INFO - 처리 단계 '뉴스 분석' 완료: 
[2025-01-15 17:39:57] INFO - 처리 단계 '경제 지표 분석' 완료: 
[2025-01-15 17:39:57] INFO - 데이터 처리 완료
[2025-01-15 17:39:57] INFO - 리포트 생성 완료: C:\Users\kims0\OneDrive\바탕 화면\market_report\reports\2025-01-15_market_report.md
[2025-01-15 19:41:09] INFO - 데이터 수집 시작: 2025-01-15
[2025-01-15 19:41:14] INFO - 한국 시장 데이터 수집 완료: 
[2025-01-15 19:41:15] INFO - 미국 시장 데이터 수집 완료: 
[2025-01-15 19:41:20] INFO - 미국 국채 데이터 수집 완료: 
[2025-01-15 19:41:20] INFO - 환율 데이터 수집 완료: 
[2025-01-15 19:41:22] INFO - 뉴스 데이터 수집 완료: 
[2025-01-15 19:44:44] INFO - 경제 지표 데이터 수집 완료: 
[2025-01-15 19:44:44] INFO - 데이터 수집 완료
[2025-01-15 19:44:50] INFO - 차트 생성 완료
[2025-01-15 19:44:50] INFO - 데이터 처리 시작
[2025-01-15 19:44:50] INFO - 처리 단계 '미국 시장 분석' 완료: 
[2025-01-15 19:44:50] INFO - 처리 단계 '한국 시장 분석' 완료: 
[2025-01-15 19:44:50] INFO - 처리 단계 '미국 국채 분석' 완료: 
[2025-01-15 19:44:50] INFO - 처리 단계 '환율 분석' 완료: 
[2025-01-15 19:44:50] INFO - 처리 단계 '뉴스 분석' 완료: 
[2025-01-15 19:44:50] INFO - 처리 단계 '경제 지표 분석' 완료: 
[2025-01-15 19:44:50] INFO - 데이터 처리 완료
[2025-01-15 19:44:50] INFO - 리포트 생성 완료: C:\Users\kims0\OneDrive\바탕 화면\market_report\reports\2025-01-15_market_report.md
[2025-01-15 20:42:23] ERROR - Buffett Indicator 계산 중 오류 발생: Not allowed to merge between different levels. (2 levels on the left, 1 on the right)
[2025-01-15 20:51:23] ERROR - 백테스트 중 오류 발생: 'Adj Close'
[2025-01-15 20:51:23] ERROR - 백테스트 중 오류 발생: 'Adj Close'
[2025-01-15 20:51:24] ERROR - 백테스트 중 오류 발생: 'Adj Close'
[2025-01-15 20:51:24] ERROR - 백테스트 중 오류 발생: 'Adj Close'
[2025-01-15 20:52:51] ERROR - 백테스트 중 오류 발생: 'Adj Close'
[2025-01-15 20:52:52] ERROR - 백테스트 중 오류 발생: 'Adj Close'
[2025-01-15 20:52:52] ERROR - 백테스트 중 오류 발생: 'Adj Close'
[2025-01-15 20:52:53] ERROR - 백테스트 중 오류 발생: 'Adj Close'
[2025-01-15 20:54:28] ERROR - 백테스트 중 오류 발생: Data must be 1-dimensional, got ndarray of shape (11353, 1) instead
[2025-01-15 20:54:29] ERROR - 백테스트 중 오류 발생: Data must be 1-dimensional, got ndarray of shape (11353, 1) instead
[2025-01-15 20:54:29] ERROR - 백테스트 중 오류 발생: Data must be 1-dimensional, got ndarray of shape (11353, 1) instead
[2025-01-15 20:54:30] ERROR - 백테스트 중 오류 발생: Data must be 1-dimensional, got ndarray of shape (11353, 1) instead
[2025-01-15 20:56:54] ERROR - Wilshire 데이터 수집 중 오류 발생: If using all scalar values, you must pass an index
[2025-01-15 20:56:54] ERROR - Wilshire 데이터 수집 중 오류 발생: If using all scalar values, you must pass an index
[2025-01-15 20:56:55] ERROR - Wilshire 데이터 수집 중 오류 발생: If using all scalar values, you must pass an index
[2025-01-15 20:56:56] ERROR - Wilshire 데이터 수집 중 오류 발생: If using all scalar values, you must pass an index
[2025-01-15 20:56:56] ERROR - Wilshire 데이터 수집 중 오류 발생: If using all scalar values, you must pass an index
[2025-01-15 22:29:07] INFO - 데이터 수집 시작: 2025-01-15
[2025-01-15 22:29:12] INFO - 한국 시장 데이터 수집 완료: 
[2025-01-15 22:29:17] INFO - 미국 시장 데이터 수집 완료: 
[2025-01-15 22:29:19] INFO - 미국 국채 데이터 수집 완료: 
[2025-01-15 22:29:20] INFO - 환율 데이터 수집 완료: 
[2025-01-15 22:29:21] INFO - 뉴스 데이터 수집 완료: 
[2025-01-15 22:35:27] INFO - 경제 지표 데이터 수집 완료: 
[2025-01-15 22:35:28] INFO - 버핏 지표 데이터 수집 완료: 
[2025-01-15 22:35:28] INFO - 데이터 수집 완료
[2025-01-15 22:35:35] INFO - 차트 생성 완료
[2025-01-15 22:35:35] INFO - 데이터 처리 시작
[2025-01-15 22:35:35] INFO - 처리 단계 '미국 시장 분석' 완료: 
[2025-01-15 22:35:35] INFO - 처리 단계 '한국 시장 분석' 완료: 
[2025-01-15 22:35:35] INFO - 처리 단계 '미국 국채 분석' 완료: 
[2025-01-15 22:35:35] INFO - 처리 단계 '환율 분석' 완료: 
[2025-01-15 22:35:35] INFO - 처리 단계 '뉴스 분석' 완료: 
[2025-01-15 22:35:35] INFO - 처리 단계 '경제 지표 분석' 완료: 
[2025-01-15 22:35:35] INFO - 처리 단계 '버핏 지표 분석' 완료: 
[2025-01-15 22:35:35] INFO - 데이터 처리 완료
[2025-01-15 22:35:35] INFO - 리포트 생성 완료: C:\Users\kims0\OneDrive\바탕 화면\market_report\reports\2025-01-15_market_report.md
[2025-01-16 15:54:14] INFO - 데이터 수집 시작: 2025-01-16
[2025-01-16 15:54:20] INFO - 한국 시장 데이터 수집 완료: 
[2025-01-16 15:54:25] INFO - 미국 시장 데이터 수집 완료: 
[2025-01-16 15:54:29] INFO - 미국 국채 데이터 수집 완료: 
[2025-01-16 15:54:29] INFO - 환율 데이터 수집 완료: 
[2025-01-16 15:54:31] INFO - 뉴스 데이터 수집 완료: 
[2025-01-16 16:08:25] INFO - 데이터 수집 시작: 2025-01-16
[2025-01-16 16:08:31] INFO - 한국 시장 데이터 수집 완료: 
[2025-01-16 16:08:40] INFO - 미국 시장 데이터 수집 완료: 
[2025-01-16 16:08:50] INFO - 미국 국채 데이터 수집 완료: 
[2025-01-16 16:08:51] INFO - 환율 데이터 수집 완료: 
[2025-01-16 16:08:52] INFO - 뉴스 데이터 수집 완료: 
[2025-01-16 16:15:10] INFO - 경제 지표 데이터 수집 완료: 
[2025-01-16 16:15:11] INFO - 버핏 지표 데이터 수집 완료: 
[2025-01-16 16:15:11] INFO - 데이터 수집 완료
[2025-01-16 16:15:23] INFO - 차트 생성 완료
[2025-01-16 16:15:23] INFO - 데이터 처리 시작
[2025-01-16 16:15:23] INFO - 처리 단계 '미국 시장 분석' 완료: 
[2025-01-16 16:15:23] INFO - 처리 단계 '한국 시장 분석' 완료: 
[2025-01-16 16:15:23] INFO - 처리 단계 '미국 국채 분석' 완료: 
[2025-01-16 16:15:23] INFO - 처리 단계 '환율 분석' 완료: 
[2025-01-16 16:15:23] INFO - 처리 단계 '뉴스 분석' 완료: 
[2025-01-16 16:15:23] INFO - 처리 단계 '경제 지표 분석' 완료: 
[2025-01-16 16:15:23] INFO - 처리 단계 '버핏 지표 분석' 완료: 
[2025-01-16 16:15:23] INFO - 데이터 처리 완료
[2025-01-16 16:15:23] INFO - 리포트 생성 완료: C:\Users\kims0\OneDrive\바탕 화면\market_report\reports\2025-01-16_market_report.md
[2025-01-16 17:33:43] INFO - 데이터 수집 시작: 2025-01-16
[2025-01-16 17:33:50] INFO - 한국 시장 데이터 수집 완료: 
[2025-01-16 17:33:52] INFO - 미국 시장 데이터 수집 완료: 
[2025-01-16 17:33:56] INFO - 미국 국채 데이터 수집 완료: 
[2025-01-16 17:33:56] INFO - 환율 데이터 수집 완료: 
[2025-01-16 17:33:58] INFO - 뉴스 데이터 수집 완료: 
[2025-01-16 17:40:15] INFO - 경제 지표 데이터 수집 완료: 
[2025-01-16 17:40:17] INFO - 버핏 지표 데이터 수집 완료: 
[2025-01-16 17:40:17] INFO - 데이터 수집 완료
[2025-01-16 17:40:24] INFO - 차트 생성 완료
[2025-01-16 17:40:24] INFO - 데이터 처리 시작
[2025-01-16 17:40:24] INFO - 처리 단계 '미국 시장 분석' 완료: 
[2025-01-16 17:40:24] INFO - 처리 단계 '한국 시장 분석' 완료: 
[2025-01-16 17:40:24] INFO - 처리 단계 '미국 국채 분석' 완료: 
[2025-01-16 17:40:24] INFO - 처리 단계 '환율 분석' 완료: 
[2025-01-16 17:40:24] INFO - 처리 단계 '뉴스 분석' 완료: 
[2025-01-16 17:40:24] INFO - 처리 단계 '경제 지표 분석' 완료: 
[2025-01-16 17:40:24] INFO - 처리 단계 '버핏 지표 분석' 완료: 
[2025-01-16 17:40:24] INFO - 데이터 처리 완료
[2025-01-16 17:40:24] INFO - 리포트 생성 완료: C:\Users\kims0\OneDrive\바탕 화면\market_report\reports\2025-01-16_market_report.md
[2025-01-17 16:33:32] INFO - 데이터 수집 시작: 2025-01-17
[2025-01-17 16:33:37] INFO - 한국 시장 데이터 수집 완료: 
[2025-01-17 16:33:38] INFO - 미국 시장 데이터 수집 완료: 
[2025-01-17 16:33:41] INFO - 미국 국채 데이터 수집 완료: 
[2025-01-17 16:33:42] INFO - 환율 데이터 수집 완료: 
[2025-01-17 16:33:42] INFO - 뉴스 데이터 수집 완료: 
[2025-01-17 16:37:41] INFO - 경제 지표 데이터 수집 완료: 
[2025-01-17 16:37:43] INFO - 버핏 지표 데이터 수집 완료: 
[2025-01-17 16:37:43] INFO - 데이터 수집 완료
[2025-01-17 16:37:49] INFO - 차트 생성 완료
[2025-01-17 16:37:49] INFO - 데이터 처리 시작
[2025-01-17 16:37:49] INFO - 처리 단계 '미국 시장 분석' 완료: 
[2025-01-17 16:37:49] INFO - 처리 단계 '한국 시장 분석' 완료: 
[2025-01-17 16:37:49] INFO - 처리 단계 '미국 국채 분석' 완료: 
[2025-01-17 16:37:49] INFO - 처리 단계 '환율 분석' 완료: 
[2025-01-17 16:37:49] INFO - 처리 단계 '뉴스 분석' 완료: 
[2025-01-17 16:37:49] INFO - 처리 단계 '경제 지표 분석' 완료: 
[2025-01-17 16:37:49] INFO - 처리 단계 '버핏 지표 분석' 완료: 
[2025-01-17 16:37:49] INFO - 데이터 처리 완료
[2025-01-17 16:37:49] INFO - 리포트 생성 완료: C:\Users\kims0\OneDrive\바탕 화면\market_report\reports\2025-01-17_market_report.md
[2025-01-20 20:57:50] INFO - 데이터 수집 시작: 2025-01-20
[2025-01-20 20:57:56] INFO - 한국 시장 데이터 수집 완료: 
[2025-01-20 20:58:01] INFO - 미국 시장 데이터 수집 완료: 
[2025-01-20 20:58:05] INFO - 미국 국채 데이터 수집 완료: 
[2025-01-20 20:58:05] INFO - 환율 데이터 수집 완료: 
[2025-01-20 20:58:06] INFO - 뉴스 데이터 수집 완료: 
[2025-01-20 20:59:53] INFO - 경제 지표 데이터 수집 완료: 
[2025-01-20 20:59:58] INFO - 버핏 지표 데이터 수집 완료: 
[2025-01-20 20:59:58] INFO - 데이터 수집 완료
[2025-01-20 21:00:03] INFO - 차트 생성 완료
[2025-01-20 21:00:03] INFO - 데이터 처리 시작
[2025-01-20 21:00:03] INFO - 처리 단계 '미국 시장 분석' 완료: 
[2025-01-20 21:00:03] INFO - 처리 단계 '한국 시장 분석' 완료: 
[2025-01-20 21:00:03] INFO - 처리 단계 '미국 국채 분석' 완료: 
[2025-01-20 21:00:03] INFO - 처리 단계 '환율 분석' 완료: 
[2025-01-20 21:00:03] INFO - 처리 단계 '뉴스 분석' 완료: 
[2025-01-20 21:00:03] INFO - 처리 단계 '경제 지표 분석' 완료: 
[2025-01-20 21:00:03] INFO - 처리 단계 '버핏 지표 분석' 완료: 
[2025-01-20 21:00:03] INFO - 데이터 처리 완료
[2025-01-20 21:00:03] INFO - 리포트 생성 완료: C:\Users\kims0\OneDrive\바탕 화면\market_report\reports\2025-01-20_market_report.md
[2025-01-21 23:03:25] INFO - 데이터 수집 시작: 2025-01-21
[2025-01-21 23:03:30] INFO - 한국 시장 데이터 수집 완료: 
[2025-01-21 23:03:37] INFO - 미국 시장 데이터 수집 완료: 
[2025-01-21 23:03:40] INFO - 미국 국채 데이터 수집 완료: 
[2025-01-21 23:03:41] INFO - 환율 데이터 수집 완료: 
[2025-01-21 23:03:42] INFO - 뉴스 데이터 수집 완료: 
[2025-01-21 23:06:41] INFO - 경제 지표 데이터 수집 완료: 
[2025-01-21 23:06:42] INFO - 버핏 지표 데이터 수집 완료: 
[2025-01-21 23:06:42] INFO - 데이터 수집 완료
[2025-01-21 23:06:54] INFO - 차트 생성 완료
[2025-01-21 23:06:54] INFO - 데이터 처리 시작
[2025-01-21 23:06:54] INFO - 처리 단계 '미국 시장 분석' 완료: 
[2025-01-21 23:06:54] INFO - 처리 단계 '한국 시장 분석' 완료: 
[2025-01-21 23:06:54] INFO - 처리 단계 '미국 국채 분석' 완료: 
[2025-01-21 23:06:54] INFO - 처리 단계 '환율 분석' 완료: 
[2025-01-21 23:06:54] INFO - 처리 단계 '뉴스 분석' 완료: 
[2025-01-21 23:06:54] INFO - 처리 단계 '경제 지표 분석' 완료: 
[2025-01-21 23:06:54] INFO - 처리 단계 '버핏 지표 분석' 완료: 
[2025-01-21 23:06:54] INFO - 데이터 처리 완료
[2025-01-21 23:06:54] INFO - 리포트 생성 완료: C:\Users\kims0\OneDrive\바탕 화면\market_report\reports\2025-01-21_market_report.md
[2025-01-22 20:32:37] INFO - 데이터 수집 시작: 2025-01-22
[2025-01-22 20:32:43] INFO - 한국 시장 데이터 수집 완료: 
[2025-01-22 20:32:50] INFO - 미국 시장 데이터 수집 완료: 
[2025-01-22 20:32:57] INFO - 미국 국채 데이터 수집 완료: 
[2025-01-22 20:32:57] INFO - 환율 데이터 수집 완료: 
[2025-01-22 20:32:59] INFO - 뉴스 데이터 수집 완료: 
[2025-01-22 20:38:12] INFO - 경제 지표 데이터 수집 완료: 
[2025-01-22 20:38:14] INFO - 버핏 지표 데이터 수집 완료: 
[2025-01-22 20:38:14] INFO - 데이터 수집 완료
[2025-01-22 20:38:26] INFO - 차트 생성 완료
[2025-01-22 20:38:26] INFO - 데이터 처리 시작
[2025-01-22 20:38:26] INFO - 처리 단계 '미국 시장 분석' 완료: 
[2025-01-22 20:38:26] INFO - 처리 단계 '한국 시장 분석' 완료: 
[2025-01-22 20:38:26] INFO - 처리 단계 '미국 국채 분석' 완료: 
[2025-01-22 20:38:26] INFO - 처리 단계 '환율 분석' 완료: 
[2025-01-22 20:38:26] INFO - 처리 단계 '뉴스 분석' 완료: 
[2025-01-22 20:38:26] INFO - 처리 단계 '경제 지표 분석' 완료: 
[2025-01-22 20:38:26] INFO - 처리 단계 '버핏 지표 분석' 완료: 
[2025-01-22 20:38:26] INFO - 데이터 처리 완료
[2025-01-22 20:38:26] INFO - 리포트 생성 완료: C:\Users\kims0\OneDrive\바탕 화면\market_report\reports\2025-01-22_market_report.md
[2025-01-22 21:05:08] INFO - SPX 옵션 데이터 수집 완료
[2025-01-22 21:05:09] INFO - NDX 옵션 데이터 수집 완료
[2025-01-22 21:05:09] INFO - VIX 옵션 데이터 수집 완료
[2025-01-22 21:05:10] ERROR - 옵션 데이터를 찾을 수 없음: ^DJI
[2025-01-22 21:05:10] ERROR - 옵션 데이터를 찾을 수 없음: ^DJI
[2025-01-22 21:05:10] INFO - DJX 옵션 데이터 수집 완료
[2025-01-22 21:06:12] INFO - SPX 옵션 데이터 수집 완료
[2025-01-22 21:06:12] INFO - NDX 옵션 데이터 수집 완료
[2025-01-22 21:06:13] INFO - VIX 옵션 데이터 수집 완료
[2025-01-22 21:12:24] INFO - SPX 옵션 데이터 수집 완료 (유형: nearest)
[2025-01-22 21:12:24] INFO - NDX 옵션 데이터 수집 완료 (유형: nearest)
[2025-01-22 21:12:25] INFO - VIX 옵션 데이터 수집 완료 (유형: nearest)
[2025-01-22 21:12:26] INFO - SPX 옵션 데이터 수집 완료 (유형: monthly)
[2025-01-22 21:12:27] INFO - NDX 옵션 데이터 수집 완료 (유형: monthly)
[2025-01-22 21:12:29] INFO - VIX 옵션 데이터 수집 완료 (유형: monthly)
[2025-01-22 21:15:33] INFO - SPX 옵션 데이터 수집 완료 (유형: monthly)
[2025-01-22 21:15:34] INFO - NDX 옵션 데이터 수집 완료 (유형: monthly)
[2025-01-22 21:15:35] INFO - VIX 옵션 데이터 수집 완료 (유형: monthly)
[2025-01-22 21:15:35] INFO - SPX 옵션 분석 완료
[2025-01-22 21:15:35] INFO - NDX 옵션 분석 완료
[2025-01-22 21:15:35] INFO - VIX 옵션 분석 완료
[2025-01-22 21:36:20] INFO - 데이터 수집 시작: 2025-01-22
[2025-01-22 21:36:25] INFO - 한국 시장 데이터 수집 완료: 
[2025-01-22 21:36:26] INFO - 미국 시장 데이터 수집 완료: 
[2025-01-22 21:36:30] INFO - 미국 국채 데이터 수집 완료: 
[2025-01-22 21:36:30] INFO - 환율 데이터 수집 완료: 
[2025-01-22 21:36:31] INFO - 뉴스 데이터 수집 완료: 
[2025-01-22 21:39:55] INFO - 경제 지표 데이터 수집 완료: 
[2025-01-22 21:39:56] INFO - 버핏 지표 데이터 수집 완료: 
[2025-01-22 21:39:58] INFO - SPX 옵션 데이터 수집 완료 (유형: monthly)
[2025-01-22 21:39:59] INFO - NDX 옵션 데이터 수집 완료 (유형: monthly)
[2025-01-22 21:40:00] INFO - VIX 옵션 데이터 수집 완료 (유형: monthly)
[2025-01-22 21:40:00] INFO - SPX 옵션 분석 완료
[2025-01-22 21:40:00] INFO - NDX 옵션 분석 완료
[2025-01-22 21:40:00] INFO - VIX 옵션 분석 완료
[2025-01-22 21:40:00] INFO - 옵션 시장 데이터 수집 완료: 
[2025-01-22 21:40:00] INFO - 데이터 수집 완료
[2025-01-22 21:40:08] INFO - 차트 생성 완료
[2025-01-22 21:40:08] INFO - 데이터 처리 시작
[2025-01-22 21:40:08] INFO - 처리 단계 '미국 시장 분석' 완료: 
[2025-01-22 21:40:08] INFO - 처리 단계 '한국 시장 분석' 완료: 
[2025-01-22 21:40:08] INFO - 처리 단계 '미국 국채 분석' 완료: 
[2025-01-22 21:40:08] INFO - 처리 단계 '환율 분석' 완료: 
[2025-01-22 21:40:08] INFO - 처리 단계 '뉴스 분석' 완료: 
[2025-01-22 21:40:08] INFO - 처리 단계 '경제 지표 분석' 완료: 
[2025-01-22 21:40:08] INFO - 처리 단계 '버핏 지표 분석' 완료: 
[2025-01-22 21:40:08] INFO - 처리 단계 '옵션 시장 분석' 완료: 
[2025-01-22 21:40:08] INFO - 데이터 처리 완료
[2025-01-22 21:40:08] INFO - 리포트 생성 완료: C:\Users\kims0\OneDrive\바탕 화면\market_report\reports\2025-01-22_market_report.md
[2025-01-22 21:48:31] INFO - 데이터 수집 시작: 2025-01-22
[2025-01-22 21:48:36] INFO - 한국 시장 데이터 수집 완료: 
[2025-01-22 21:48:37] INFO - 미국 시장 데이터 수집 완료: 
[2025-01-22 21:48:39] INFO - 미국 국채 데이터 수집 완료: 
[2025-01-22 21:48:40] INFO - 환율 데이터 수집 완료: 
[2025-01-22 21:48:41] INFO - 뉴스 데이터 수집 완료: 
[2025-01-22 21:51:39] INFO - 경제 지표 데이터 수집 완료: 
[2025-01-22 21:51:40] INFO - 버핏 지표 데이터 수집 완료: 
[2025-01-22 21:51:41] INFO - SPX 옵션 데이터 수집 완료 (유형: monthly)
[2025-01-22 21:51:42] INFO - NDX 옵션 데이터 수집 완료 (유형: monthly)
[2025-01-22 21:51:43] INFO - VIX 옵션 데이터 수집 완료 (유형: monthly)
[2025-01-22 21:51:43] INFO - SPX 옵션 분석 완료
[2025-01-22 21:51:47] INFO - NDX 옵션 분석 완료
[2025-01-22 21:51:47] INFO - VIX 옵션 분석 완료
[2025-01-22 21:51:47] INFO - 옵션 시장 데이터 수집 완료: 
[2025-01-22 21:51:47] INFO - 데이터 수집 완료
[2025-01-22 21:51:49] INFO - 차트 생성 완료
[2025-01-22 21:51:49] INFO - 데이터 처리 시작
[2025-01-22 21:51:49] INFO - 처리 단계 '미국 시장 분석' 완료: 
[2025-01-22 21:51:49] INFO - 처리 단계 '한국 시장 분석' 완료: 
[2025-01-22 21:51:49] INFO - 처리 단계 '미국 국채 분석' 완료: 
[2025-01-22 21:51:49] INFO - 처리 단계 '환율 분석' 완료: 
[2025-01-22 21:51:49] INFO - 처리 단계 '뉴스 분석' 완료: 
[2025-01-22 21:51:49] INFO - 처리 단계 '경제 지표 분석' 완료: 
[2025-01-22 21:51:49] INFO - 처리 단계 '버핏 지표 분석' 완료: 
[2025-01-22 21:51:49] INFO - 처리 단계 '옵션 시장 분석' 완료: 
[2025-01-22 21:51:49] INFO - 데이터 처리 완료
[2025-01-22 21:51:49] INFO - 리포트 생성 완료: C:\Users\kims0\OneDrive\바탕 화면\market_report\reports\2025-01-22_market_report.md
[2025-01-22 21:57:57] INFO - 데이터 수집 시작: 2025-01-22
[2025-01-22 21:58:02] INFO - 한국 시장 데이터 수집 완료: 
[2025-01-22 21:58:03] INFO - 미국 시장 데이터 수집 완료: 
[2025-01-22 21:58:05] INFO - 미국 국채 데이터 수집 완료: 
[2025-01-22 21:58:06] INFO - 환율 데이터 수집 완료: 
[2025-01-22 21:58:07] INFO - 뉴스 데이터 수집 완료: 
[2025-01-22 22:00:42] INFO - 경제 지표 데이터 수집 완료: 
[2025-01-22 22:00:43] INFO - 버핏 지표 데이터 수집 완료: 
[2025-01-22 22:00:44] INFO - SPX 옵션 데이터 수집 완료 (유형: monthly)
[2025-01-22 22:00:45] INFO - NDX 옵션 데이터 수집 완료 (유형: monthly)
[2025-01-22 22:00:46] INFO - VIX 옵션 데이터 수집 완료 (유형: monthly)
[2025-01-22 22:00:46] INFO - SPX 옵션 분석 완료
[2025-01-22 22:00:50] INFO - NDX 옵션 분석 완료
[2025-01-22 22:00:50] INFO - VIX 옵션 분석 완료
[2025-01-22 22:00:50] INFO - 옵션 시장 데이터 수집 완료: 
[2025-01-22 22:00:50] INFO - 데이터 수집 완료
[2025-01-22 22:00:54] INFO - 차트 생성 완료
[2025-01-22 22:00:54] INFO - 데이터 처리 시작
[2025-01-22 22:00:54] INFO - 처리 단계 '미국 시장 분석' 완료: 
[2025-01-22 22:00:54] INFO - 처리 단계 '한국 시장 분석' 완료: 
[2025-01-22 22:00:54] INFO - 처리 단계 '미국 국채 분석' 완료: 
[2025-01-22 22:00:54] INFO - 처리 단계 '환율 분석' 완료: 
[2025-01-22 22:00:54] INFO - 처리 단계 '뉴스 분석' 완료: 
[2025-01-22 22:00:54] INFO - 처리 단계 '경제 지표 분석' 완료: 
[2025-01-22 22:00:54] INFO - 처리 단계 '버핏 지표 분석' 완료: 
[2025-01-22 22:00:54] INFO - 처리 단계 '옵션 시장 분석' 완료: 
[2025-01-22 22:00:54] INFO - 데이터 처리 완료
[2025-01-22 22:00:54] INFO - 리포트 생성 완료: C:\Users\kims0\OneDrive\바탕 화면\market_report\reports\2025-01-22_market_report.md
[2025-01-23 17:37:26] INFO - 데이터 수집 시작: 2025-01-23
[2025-01-23 17:37:31] INFO - 한국 시장 데이터 수집 완료: 
[2025-01-23 17:37:33] INFO - 미국 시장 데이터 수집 완료: 
[2025-01-23 17:37:36] INFO - 미국 국채 데이터 수집 완료: 
[2025-01-23 17:37:37] INFO - 환율 데이터 수집 완료: 
[2025-01-23 17:37:38] INFO - 뉴스 데이터 수집 완료: 
[2025-01-23 17:40:47] INFO - 경제 지표 데이터 수집 완료: 
[2025-01-23 17:40:49] INFO - 버핏 지표 데이터 수집 완료: 
[2025-01-23 17:40:54] INFO - SPX 옵션 데이터 수집 완료 (유형: monthly)
[2025-01-23 17:40:55] INFO - NDX 옵션 데이터 수집 완료 (유형: monthly)
[2025-01-23 17:40:56] INFO - VIX 옵션 데이터 수집 완료 (유형: monthly)
[2025-01-23 17:40:56] INFO - SPX 옵션 분석 완료
[2025-01-23 17:40:56] INFO - NDX 옵션 분석 완료
[2025-01-23 17:40:56] INFO - VIX 옵션 분석 완료
[2025-01-23 17:40:56] INFO - 옵션 시장 데이터 수집 완료: 
[2025-01-23 17:40:56] INFO - 데이터 수집 완료
[2025-01-23 17:41:00] INFO - 차트 생성 완료
[2025-01-23 17:41:00] INFO - 데이터 처리 시작
[2025-01-23 17:41:00] INFO - 처리 단계 '미국 시장 분석' 완료: 
[2025-01-23 17:41:00] INFO - 처리 단계 '한국 시장 분석' 완료: 
[2025-01-23 17:41:00] INFO - 처리 단계 '미국 국채 분석' 완료: 
[2025-01-23 17:41:00] INFO - 처리 단계 '환율 분석' 완료: 
[2025-01-23 17:41:00] INFO - 처리 단계 '뉴스 분석' 완료: 
[2025-01-23 17:41:00] INFO - 처리 단계 '경제 지표 분석' 완료: 
[2025-01-23 17:41:00] INFO - 처리 단계 '버핏 지표 분석' 완료: 
[2025-01-23 17:41:00] INFO - 처리 단계 '옵션 시장 분석' 완료: 
[2025-01-23 17:41:00] INFO - 데이터 처리 완료
[2025-01-23 17:41:00] INFO - 리포트 생성 완료: C:\Users\kims0\OneDrive\바탕 화면\market_report\reports\2025-01-23_market_report.md
[2025-01-23 18:24:11] INFO - 데이터 수집 시작: 2025-01-23
[2025-01-23 18:24:16] INFO - 한국 시장 데이터 수집 완료: 
[2025-01-23 18:24:25] INFO - 미국 시장 데이터 수집 완료: 
[2025-01-23 18:24:30] INFO - 미국 국채 데이터 수집 완료: 
[2025-01-23 18:24:31] INFO - 환율 데이터 수집 완료: 
[2025-01-23 18:24:32] INFO - 뉴스 데이터 수집 완료: 
[2025-01-23 18:30:35] INFO - 경제 지표 데이터 수집 완료: 
[2025-01-23 18:30:36] INFO - 버핏 지표 데이터 수집 완료: 
[2025-01-23 18:30:38] INFO - SPX 옵션 데이터 수집 완료 (유형: monthly)
[2025-01-23 18:30:39] INFO - NDX 옵션 데이터 수집 완료 (유형: monthly)
[2025-01-23 18:30:40] INFO - VIX 옵션 데이터 수집 완료 (유형: monthly)
[2025-01-23 18:30:40] INFO - SPX 옵션 분석 완료
[2025-01-23 18:30:44] INFO - NDX 옵션 분석 완료
[2025-01-23 18:30:44] INFO - VIX 옵션 분석 완료
[2025-01-23 18:30:44] INFO - 옵션 시장 데이터 수집 완료: 
[2025-01-23 18:30:44] INFO - 데이터 수집 완료
[2025-01-23 18:30:51] INFO - 차트 생성 완료
[2025-01-23 18:30:51] INFO - 데이터 처리 시작
[2025-01-23 18:30:51] INFO - 처리 단계 '미국 시장 분석' 완료: 
[2025-01-23 18:30:51] INFO - 처리 단계 '한국 시장 분석' 완료: 
[2025-01-23 18:30:51] INFO - 처리 단계 '미국 국채 분석' 완료: 
[2025-01-23 18:30:51] INFO - 처리 단계 '환율 분석' 완료: 
[2025-01-23 18:30:51] INFO - 처리 단계 '뉴스 분석' 완료: 
[2025-01-23 18:30:51] INFO - 처리 단계 '경제 지표 분석' 완료: 
[2025-01-23 18:30:51] INFO - 처리 단계 '버핏 지표 분석' 완료: 
[2025-01-23 18:30:51] INFO - 처리 단계 '옵션 시장 분석' 완료: 
[2025-01-23 18:30:51] INFO - 데이터 처리 완료
[2025-01-23 18:30:51] INFO - 리포트 생성 완료: C:\Users\kims0\OneDrive\바탕 화면\market_report\reports\2025-01-23_market_report.md
[2025-01-23 19:01:31] INFO - 데이터 수집 시작: 2025-01-23
[2025-01-23 19:01:37] INFO - 한국 시장 데이터 수집 완료: 
[2025-01-23 19:01:38] INFO - 미국 시장 데이터 수집 완료: 
[2025-01-23 19:01:42] INFO - 미국 국채 데이터 수집 완료: 
[2025-01-23 19:01:42] INFO - 환율 데이터 수집 완료: 
[2025-01-23 19:01:43] INFO - 뉴스 데이터 수집 완료: 
[2025-01-23 19:05:10] INFO - 경제 지표 데이터 수집 완료: 
[2025-01-23 19:05:11] INFO - 버핏 지표 데이터 수집 완료: 
[2025-01-23 19:05:13] INFO - SPX 옵션 데이터 수집 완료 (유형: monthly)
[2025-01-23 19:05:14] INFO - NDX 옵션 데이터 수집 완료 (유형: monthly)
[2025-01-23 19:05:15] INFO - VIX 옵션 데이터 수집 완료 (유형: monthly)
[2025-01-23 19:05:15] INFO - SPX 옵션 분석 완료
[2025-01-23 19:05:19] INFO - NDX 옵션 분석 완료
[2025-01-23 19:05:19] INFO - VIX 옵션 분석 완료
[2025-01-23 19:05:19] INFO - 옵션 시장 데이터 수집 완료: 
[2025-01-23 19:05:19] INFO - 데이터 수집 완료
[2025-01-23 19:05:22] INFO - 차트 생성 완료
[2025-01-23 19:05:22] INFO - 데이터 처리 시작
[2025-01-23 19:05:22] INFO - 처리 단계 '미국 시장 분석' 완료: 
[2025-01-23 19:05:22] INFO - 처리 단계 '한국 시장 분석' 완료: 
[2025-01-23 19:05:22] INFO - 처리 단계 '미국 국채 분석' 완료: 
[2025-01-23 19:05:22] INFO - 처리 단계 '환율 분석' 완료: 
[2025-01-23 19:05:22] INFO - 처리 단계 '뉴스 분석' 완료: 
[2025-01-23 19:05:22] INFO - 처리 단계 '경제 지표 분석' 완료: 
[2025-01-23 19:05:22] INFO - 처리 단계 '버핏 지표 분석' 완료: 
[2025-01-23 19:05:22] INFO - 처리 단계 '옵션 시장 분석' 완료: 
[2025-01-23 19:05:22] INFO - 데이터 처리 완료
[2025-01-23 19:05:22] INFO - 리포트 생성 완료: C:\Users\kims0\OneDrive\바탕 화면\market_report\reports\2025-01-23_market_report.md
[2025-01-27 18:46:37] INFO - 데이터 수집 시작: 2025-01-27
[2025-01-27 18:46:42] INFO - 한국 시장 데이터 수집 완료: 
[2025-01-27 18:46:47] INFO - 미국 시장 데이터 수집 완료: 
[2025-01-27 18:46:50] INFO - 미국 국채 데이터 수집 완료: 
[2025-01-27 18:46:50] INFO - 환율 데이터 수집 완료: 
[2025-01-27 18:46:51] INFO - 뉴스 데이터 수집 완료: 
[2025-01-27 18:48:31] INFO - 경제 지표 데이터 수집 완료: 
[2025-01-27 18:48:37] INFO - 버핏 지표 데이터 수집 완료: 
[2025-01-27 18:48:38] INFO - SPX 옵션 데이터 수집 완료 (유형: monthly)
[2025-01-27 18:48:39] INFO - NDX 옵션 데이터 수집 완료 (유형: monthly)
[2025-01-27 18:48:40] INFO - VIX 옵션 데이터 수집 완료 (유형: monthly)
[2025-01-27 18:48:40] INFO - SPX 옵션 분석 완료
[2025-01-27 18:48:40] INFO - NDX 옵션 분석 완료
[2025-01-27 18:48:40] INFO - VIX 옵션 분석 완료
[2025-01-27 18:48:40] INFO - 옵션 시장 데이터 수집 완료: 
[2025-01-27 18:48:40] INFO - 데이터 수집 완료
[2025-01-27 18:48:43] INFO - 차트 생성 완료
[2025-01-27 18:48:43] INFO - 데이터 처리 시작
[2025-01-27 18:48:43] INFO - 처리 단계 '미국 시장 분석' 완료: 
[2025-01-27 18:48:43] INFO - 처리 단계 '한국 시장 분석' 완료: 
[2025-01-27 18:48:43] INFO - 처리 단계 '미국 국채 분석' 완료: 
[2025-01-27 18:48:43] INFO - 처리 단계 '환율 분석' 완료: 
[2025-01-27 18:48:43] INFO - 처리 단계 '뉴스 분석' 완료: 
[2025-01-27 18:48:43] INFO - 처리 단계 '경제 지표 분석' 완료: 
[2025-01-27 18:48:43] INFO - 처리 단계 '버핏 지표 분석' 완료: 
[2025-01-27 18:48:43] INFO - 처리 단계 '옵션 시장 분석' 완료: 
[2025-01-27 18:48:43] INFO - 데이터 처리 완료
[2025-01-27 18:48:43] INFO - 리포트 생성 완료: C:\Users\kims0\OneDrive\바탕 화면\market_report\reports\2025-01-27_market_report.md
[2025-01-27 18:51:15] INFO - 데이터 수집 시작: 2025-01-27
[2025-01-27 18:51:20] INFO - 한국 시장 데이터 수집 완료: 
[2025-01-27 18:51:21] INFO - 미국 시장 데이터 수집 완료: 
[2025-01-27 18:51:23] INFO - 미국 국채 데이터 수집 완료: 
[2025-01-27 18:51:24] INFO - 환율 데이터 수집 완료: 
[2025-01-27 18:51:25] INFO - 뉴스 데이터 수집 완료: 
[2025-01-27 18:53:17] INFO - 경제 지표 데이터 수집 완료: 
[2025-01-27 18:53:22] INFO - 버핏 지표 데이터 수집 완료: 
[2025-01-27 18:53:23] INFO - SPX 옵션 데이터 수집 완료 (유형: monthly)
[2025-01-27 18:53:24] INFO - NDX 옵션 데이터 수집 완료 (유형: monthly)
[2025-01-27 18:53:25] INFO - VIX 옵션 데이터 수집 완료 (유형: monthly)
[2025-01-27 18:53:25] INFO - SPX 옵션 분석 완료
[2025-01-27 18:53:25] INFO - NDX 옵션 분석 완료
[2025-01-27 18:53:25] INFO - VIX 옵션 분석 완료
[2025-01-27 18:53:25] INFO - 옵션 시장 데이터 수집 완료: 
[2025-01-27 18:53:25] INFO - 데이터 수집 완료
[2025-01-27 18:53:27] INFO - 차트 생성 완료
[2025-01-27 18:53:27] INFO - 데이터 처리 시작
[2025-01-27 18:53:27] INFO - 처리 단계 '미국 시장 분석' 완료: 
[2025-01-27 18:53:27] INFO - 처리 단계 '한국 시장 분석' 완료: 
[2025-01-27 18:53:27] INFO - 처리 단계 '미국 국채 분석' 완료: 
[2025-01-27 18:53:27] INFO - 처리 단계 '환율 분석' 완료: 
[2025-01-27 18:53:27] INFO - 처리 단계 '뉴스 분석' 완료: 
[2025-01-27 18:53:27] INFO - 처리 단계 '경제 지표 분석' 완료: 
[2025-01-27 18:53:27] INFO - 처리 단계 '버핏 지표 분석' 완료: 
[2025-01-27 18:53:27] INFO - 처리 단계 '옵션 시장 분석' 완료: 
[2025-01-27 18:53:27] INFO - 데이터 처리 완료
[2025-01-27 18:53:27] INFO - 리포트 생성 완료: C:\Users\kims0\OneDrive\바탕 화면\market_report\reports\2025-01-27_market_report.md
