[2025-03-27 15:54:59] INFO - 데이터 수집 시작: 2025-03-27
[2025-03-27 15:55:05] INFO - 한국 시장 데이터 수집 완료: 
[2025-03-27 15:55:15] ERROR - 미국 시장 데이터 수집 실패: 
[2025-03-27 15:55:18] ERROR - 미국 국채 데이터 수집 실패: 
[2025-03-27 15:55:23] ERROR - 환율 데이터 수집 실패: 
[2025-03-27 15:55:24] INFO - 뉴스 데이터 수집 완료: 
[2025-03-27 15:56:36] INFO - 데이터 수집 시작: 2025-03-27
[2025-03-27 15:56:41] INFO - 한국 시장 데이터 수집 완료: 
[2025-03-27 16:00:43] INFO - 데이터 수집 시작: 2025-03-27
[2025-03-27 16:00:49] INFO - 한국 시장 데이터 수집 완료: 
[2025-03-27 16:00:54] ERROR - 미국 시장 데이터 수집 실패: 
[2025-03-27 16:07:05] INFO - 데이터 수집 시작: 2025-03-27
[2025-03-27 16:07:10] INFO - 한국 시장 데이터 수집 완료: 
[2025-03-27 16:07:11] INFO - 미국 시장 데이터 수집 완료: 
[2025-03-27 16:07:15] INFO - 미국 국채 데이터 수집 완료: 
[2025-03-27 16:07:15] INFO - 환율 데이터 수집 완료: 
[2025-03-27 16:07:16] INFO - 뉴스 데이터 수집 완료: 
[2025-03-27 16:11:38] INFO - 경제 지표 데이터 수집 완료: 
[2025-03-27 16:11:40] INFO - 버핏 지표 데이터 수집 완료: 
[2025-03-27 16:11:41] INFO - SPX 옵션 데이터 수집 완료 (유형: monthly)
[2025-03-27 16:11:42] INFO - NDX 옵션 데이터 수집 완료 (유형: monthly)
[2025-03-27 16:11:44] INFO - VIX 옵션 데이터 수집 완료 (유형: monthly)
[2025-03-27 16:11:44] INFO - SPX 옵션 분석 완료
[2025-03-27 16:11:44] INFO - NDX 옵션 분석 완료
[2025-03-27 16:11:44] INFO - VIX 옵션 분석 완료
[2025-03-27 16:11:44] INFO - 옵션 시장 데이터 수집 완료: 
[2025-03-27 16:11:44] INFO - 데이터 수집 완료
[2025-03-27 16:11:51] INFO - 차트 생성 완료
[2025-03-27 16:11:51] INFO - 데이터 처리 시작
[2025-03-27 16:11:51] INFO - 처리 단계 '미국 시장 분석' 완료: 
[2025-03-27 16:11:51] INFO - 처리 단계 '한국 시장 분석' 완료: 
[2025-03-27 16:11:51] INFO - 처리 단계 '미국 국채 분석' 완료: 
[2025-03-27 16:11:51] INFO - 처리 단계 '환율 분석' 완료: 
[2025-03-27 16:11:51] INFO - 처리 단계 '뉴스 분석' 완료: 
[2025-03-27 16:11:51] INFO - 처리 단계 '경제 지표 분석' 완료: 
[2025-03-27 16:11:51] INFO - 처리 단계 '버핏 지표 분석' 완료: 
[2025-03-27 16:11:51] INFO - 처리 단계 '옵션 시장 분석' 완료: 
[2025-03-27 16:11:51] INFO - 데이터 처리 완료
[2025-03-27 16:11:51] INFO - 리포트 생성 완료: C:\Users\kims0\OneDrive\바탕 화면\market_report\reports\2025-03-27_market_report.md
