[2025-02-04 00:26:30] INFO - 데이터 수집 시작: 2025-02-04
[2025-02-04 00:26:35] INFO - 한국 시장 데이터 수집 완료: 
[2025-02-04 00:26:39] INFO - 미국 시장 데이터 수집 완료: 
[2025-02-04 00:26:42] INFO - 미국 국채 데이터 수집 완료: 
[2025-02-04 00:26:42] INFO - 환율 데이터 수집 완료: 
[2025-02-04 00:26:43] INFO - 뉴스 데이터 수집 완료: 
[2025-02-04 00:30:45] INFO - 경제 지표 데이터 수집 완료: 
[2025-02-04 00:30:46] INFO - 버핏 지표 데이터 수집 완료: 
[2025-02-04 00:30:47] INFO - SPX 옵션 데이터 수집 완료 (유형: monthly)
[2025-02-04 00:30:52] INFO - NDX 옵션 데이터 수집 완료 (유형: monthly)
[2025-02-04 00:30:53] INFO - VIX 옵션 데이터 수집 완료 (유형: monthly)
[2025-02-04 00:30:53] INFO - SPX 옵션 분석 완료
[2025-02-04 00:30:53] INFO - NDX 옵션 분석 완료
[2025-02-04 00:30:53] INFO - VIX 옵션 분석 완료
[2025-02-04 00:30:53] INFO - 옵션 시장 데이터 수집 완료: 
[2025-02-04 00:30:53] INFO - 데이터 수집 완료
[2025-02-04 00:30:55] INFO - 차트 생성 완료
[2025-02-04 00:30:55] INFO - 데이터 처리 시작
[2025-02-04 00:30:55] INFO - 처리 단계 '미국 시장 분석' 완료: 
[2025-02-04 00:30:55] INFO - 처리 단계 '한국 시장 분석' 완료: 
[2025-02-04 00:30:55] INFO - 처리 단계 '미국 국채 분석' 완료: 
[2025-02-04 00:30:55] INFO - 처리 단계 '환율 분석' 완료: 
[2025-02-04 00:30:55] INFO - 처리 단계 '뉴스 분석' 완료: 
[2025-02-04 00:30:55] INFO - 처리 단계 '경제 지표 분석' 완료: 
[2025-02-04 00:30:55] INFO - 처리 단계 '버핏 지표 분석' 완료: 
[2025-02-04 00:30:55] INFO - 처리 단계 '옵션 시장 분석' 완료: 
[2025-02-04 00:30:55] INFO - 데이터 처리 완료
[2025-02-04 00:30:55] INFO - 리포트 생성 완료: C:\Users\kims0\OneDrive\바탕 화면\market_report\reports\2025-02-04_market_report.md
